<?xml version="1.0" encoding="UTF-8"?>
<!-- Generated by org.testng.reporters.JUnitReportReporter -->
<testsuite skipped="0" hostname="kushal-PC" name="com.rsa.qa.testcases.HomePageTest" tests="3" failures="0" timestamp="12 Dec 2021 12:57:23 GMT" time="21.683" errors="0">
  <testcase name="verifyHomePageTitleTest" time="7.644" classname="com.rsa.qa.testcases.HomePageTest"/>
  <testcase name="verifyRCALogo" time="5.240" classname="com.rsa.qa.testcases.HomePageTest"/>
  <testcase name="verifyLoginBtnClickTest" time="8.799" classname="com.rsa.qa.testcases.HomePageTest"/>
</testsuite> <!-- com.rsa.qa.testcases.HomePageTest -->
