<?xml version="1.0" encoding="UTF-8"?>
<!-- Generated by org.testng.reporters.JUnitReportReporter -->
<testsuite skipped="1" hostname="kushal-PC" name="com.rsa.qa.testcases.MyLandingPageTest" tests="5" failures="0" timestamp="03 Dec 2021 18:29:51 GMT" time="51.815" errors="0">
  <testcase name="landingPageTitleTest" time="9.258" classname="com.rsa.qa.testcases.MyLandingPageTest"/>
  <testcase name="userNameDisplayTest" time="12.592" classname="com.rsa.qa.testcases.MyLandingPageTest"/>
  <testcase name="verifyCourseLinkTest" time="15.330" classname="com.rsa.qa.testcases.MyLandingPageTest"/>
  <testcase name="verifyPracticeLinkTest" time="14.635" classname="com.rsa.qa.testcases.MyLandingPageTest"/>
  <testcase name="validateSearchFunction" time="0.000" classname="com.rsa.qa.testcases.MyLandingPageTest">
    <skipped/>
  </testcase> <!-- validateSearchFunction -->
</testsuite> <!-- com.rsa.qa.testcases.MyLandingPageTest -->
