<?xml version="1.0" encoding="UTF-8"?>
<!-- Generated by org.testng.reporters.JUnitReportReporter -->
<testsuite skipped="0" hostname="kushal-PC" name="com.rsa.qa.testcases.UserProfilePageTest" tests="2" failures="0" timestamp="03 Dec 2021 18:29:51 GMT" time="28.946" errors="0">
  <testcase name="validateProfilePageTitleTest" time="14.614" classname="com.rsa.qa.testcases.UserProfilePageTest"/>
  <testcase name="validateLabelDisplayTest" time="14.332" classname="com.rsa.qa.testcases.UserProfilePageTest"/>
</testsuite> <!-- com.rsa.qa.testcases.UserProfilePageTest -->
