<?xml version="1.0" encoding="UTF-8"?>
<!-- Generated by org.testng.reporters.JUnitReportReporter -->
<testsuite skipped="0" hostname="kushal-PC" name="com.rsa.qa.testcases.MyLandingPageTest" tests="1" failures="0" timestamp="03 Dec 2021 18:41:21 GMT" time="9.215" errors="0">
  <testcase name="landingPageTitleTest" time="9.215" classname="com.rsa.qa.testcases.MyLandingPageTest"/>
</testsuite> <!-- com.rsa.qa.testcases.MyLandingPageTest -->
