<?xml version="1.0" encoding="UTF-8"?>
<!-- Generated by org.testng.reporters.JUnitReportReporter -->
<testsuite skipped="0" hostname="kushal-PC" name="com.rsa.qa.testcases.UserProfilePageTest" tests="1" failures="0" timestamp="03 Dec 2021 18:41:21 GMT" time="16.455" errors="0">
  <testcase name="validateProfilePageTitleTest" time="16.455" classname="com.rsa.qa.testcases.UserProfilePageTest"/>
</testsuite> <!-- com.rsa.qa.testcases.UserProfilePageTest -->
